<component name="ProjectRunConfigurationManager">
  <configuration default="false" name="JUnit" type="JUnit" factoryName="JUnit">
    <module name="CS.12.01-Tutorial.1.2.2" />
    <option name="PACKAGE_NAME" value="" />
    <option name="MAIN_CLASS_NAME" value="HiddenWordTest" />
    <option name="METHOD_NAME" value="" />
    <option name="TEST_OBJECT" value="class" />
    <method v="2">
      <option name="Make" enabled="true" />
    </method>
  </configuration>
</component>